[2026-04-10T11:04:44.464+0000] {taskinstance.py:1956} INFO - Dependencies all met for dep_context=non-requeueable deps ti=<TaskInstance: rideshare_etl.verify_output manual__2026-04-10T10:50:31.929102+00:00 [queued]>
[2026-04-10T11:04:44.480+0000] {taskinstance.py:1956} INFO - Dependencies all met for dep_context=requeueable deps ti=<TaskInstance: rideshare_etl.verify_output manual__2026-04-10T10:50:31.929102+00:00 [queued]>
[2026-04-10T11:04:44.481+0000] {taskinstance.py:2170} INFO - Starting attempt 1 of 2
[2026-04-10T11:04:44.502+0000] {taskinstance.py:2191} INFO - Executing <Task(PythonOperator): verify_output> on 2026-04-10 10:50:31.929102+00:00
[2026-04-10T11:04:44.515+0000] {standard_task_runner.py:60} INFO - Started process 451 to run task
[2026-04-10T11:04:44.525+0000] {standard_task_runner.py:87} INFO - Running: ['***', 'tasks', 'run', 'rideshare_etl', 'verify_output', 'manual__2026-04-10T10:50:31.929102+00:00', '--job-id', '15', '--raw', '--subdir', 'DAGS_FOLDER/rideshare_etl.py', '--cfg-path', '/tmp/tmppem5bol7']
[2026-04-10T11:04:44.530+0000] {standard_task_runner.py:88} INFO - Job 15: Subtask verify_output
[2026-04-10T11:04:44.673+0000] {task_command.py:423} INFO - Running <TaskInstance: rideshare_etl.verify_output manual__2026-04-10T10:50:31.929102+00:00 [running]> on host d1efc9a0b5df
[2026-04-10T11:04:44.954+0000] {taskinstance.py:2480} INFO - Exporting env vars: AIRFLOW_CTX_DAG_OWNER='mlops' AIRFLOW_CTX_DAG_ID='rideshare_etl' AIRFLOW_CTX_TASK_ID='verify_output' AIRFLOW_CTX_EXECUTION_DATE='2026-04-10T10:50:31.929102+00:00' AIRFLOW_CTX_TRY_NUMBER='1' AIRFLOW_CTX_DAG_RUN_ID='manual__2026-04-10T10:50:31.929102+00:00'
[2026-04-10T11:04:44.967+0000] {logging_mixin.py:188} WARNING - /home/***/.local/lib/python3.10/site-packages/***/utils/context.py:315 AirflowContextDeprecationWarning: Accessing 'execution_date' from the template is deprecated and will be removed in a future version. Please use 'data_interval_start' or 'logical_date' instead.
[2026-04-10T11:04:44.967+0000] {rideshare_etl.py:386} INFO - [Task 4] Output verification for run: 2026-04-10 10:50:31.929102+00:00
[2026-04-10T11:04:45.564+0000] {rideshare_etl.py:397} INFO - [Task 4] Parquet loaded: (1439828, 14)
[2026-04-10T11:04:46.001+0000] {rideshare_etl.py:438} INFO - [Task 4] Output verification PASSED.
[2026-04-10T11:04:46.002+0000] {rideshare_etl.py:439} INFO - [Task 4] Rows: 1,439,828
[2026-04-10T11:04:46.003+0000] {rideshare_etl.py:440} INFO - [Task 4] Columns: 14
[2026-04-10T11:04:46.007+0000] {rideshare_etl.py:441} INFO - [Task 4] trip_duration range: 61s — 7191s
[2026-04-10T11:04:46.018+0000] {rideshare_etl.py:443} INFO - [Task 4] distance_km range: 0.10km — 62.33km
[2026-04-10T11:04:46.020+0000] {rideshare_etl.py:445} INFO - [Task 4] Pipeline complete. Data is clean and ready for training.
[2026-04-10T11:04:46.021+0000] {python.py:201} INFO - Done. Returned value was: {'rows': 1439828, 'columns': 14, 'verified': True}
[2026-04-10T11:04:46.116+0000] {taskinstance.py:1138} INFO - Marking task as SUCCESS. dag_id=rideshare_etl, task_id=verify_output, execution_date=20260410T105031, start_date=20260410T110444, end_date=20260410T110446
[2026-04-10T11:04:46.345+0000] {local_task_job_runner.py:234} INFO - Task exited with return code 0
[2026-04-10T11:04:46.409+0000] {taskinstance.py:3280} INFO - 0 downstream tasks scheduled from follow-on schedule check
