[2026-04-10T11:06:39.203+0000] {taskinstance.py:1956} INFO - Dependencies all met for dep_context=non-requeueable deps ti=<TaskInstance: rideshare_etl.transform_to_parquet manual__2026-04-10T10:50:31.929102+00:00 [queued]>
[2026-04-10T11:06:39.221+0000] {taskinstance.py:1956} INFO - Dependencies all met for dep_context=requeueable deps ti=<TaskInstance: rideshare_etl.transform_to_parquet manual__2026-04-10T10:50:31.929102+00:00 [queued]>
[2026-04-10T11:06:39.222+0000] {taskinstance.py:2170} INFO - Starting attempt 4 of 5
[2026-04-10T11:06:39.243+0000] {taskinstance.py:2191} INFO - Executing <Task(PythonOperator): transform_to_parquet> on 2026-04-10 10:50:31.929102+00:00
[2026-04-10T11:06:39.252+0000] {standard_task_runner.py:60} INFO - Started process 478 to run task
[2026-04-10T11:06:39.260+0000] {standard_task_runner.py:87} INFO - Running: ['***', 'tasks', 'run', 'rideshare_etl', 'transform_to_parquet', 'manual__2026-04-10T10:50:31.929102+00:00', '--job-id', '16', '--raw', '--subdir', 'DAGS_FOLDER/rideshare_etl.py', '--cfg-path', '/tmp/tmp15h_jpji']
[2026-04-10T11:06:39.265+0000] {standard_task_runner.py:88} INFO - Job 16: Subtask transform_to_parquet
[2026-04-10T11:06:39.384+0000] {task_command.py:423} INFO - Running <TaskInstance: rideshare_etl.transform_to_parquet manual__2026-04-10T10:50:31.929102+00:00 [running]> on host d1efc9a0b5df
[2026-04-10T11:06:39.559+0000] {taskinstance.py:2480} INFO - Exporting env vars: AIRFLOW_CTX_DAG_OWNER='mlops' AIRFLOW_CTX_DAG_ID='rideshare_etl' AIRFLOW_CTX_TASK_ID='transform_to_parquet' AIRFLOW_CTX_EXECUTION_DATE='2026-04-10T10:50:31.929102+00:00' AIRFLOW_CTX_TRY_NUMBER='4' AIRFLOW_CTX_DAG_RUN_ID='manual__2026-04-10T10:50:31.929102+00:00'
[2026-04-10T11:06:39.561+0000] {rideshare_etl.py:309} INFO - [Task 3] Transform starting for run: manual__2026-04-10T10:50:31.929102+00:00
[2026-04-10T11:06:39.571+0000] {rideshare_etl.py:319} INFO - [Task 3] Loading raw data from /opt/***/data/raw/rideshare_logs.csv
[2026-04-10T11:06:48.035+0000] {rideshare_etl.py:321} INFO - [Task 3] Raw shape: (1458644, 11)
[2026-04-10T11:06:48.036+0000] {logging_mixin.py:188} INFO - [validate] Checking schema contract...
[2026-04-10T11:06:48.061+0000] {logging_mixin.py:188} INFO - [validate] Schema OK — 1,458,644 rows, 11 columns
[2026-04-10T11:06:48.062+0000] {logging_mixin.py:188} INFO - [validate] All required columns present and parseable.
[2026-04-10T11:06:48.062+0000] {logging_mixin.py:188} INFO - 
[clean] Applying cleaning rules...
[2026-04-10T11:06:49.470+0000] {logging_mixin.py:188} INFO - [clean]   Duration filter  : removed 11,030 rows
[2026-04-10T11:06:49.685+0000] {logging_mixin.py:188} WARNING - /opt/***/src/data/make_dataset.py:156 SettingWithCopyWarning: 
A value is trying to be set on a copy of a slice from a DataFrame.
Try using .loc[row_indexer,col_indexer] = value instead

See the caveats in the documentation: https://pandas.pydata.org/pandas-docs/stable/user_guide/indexing.html#returning-a-view-versus-a-copy
[2026-04-10T11:06:49.945+0000] {logging_mixin.py:188} INFO - [clean]   Distance filter  : removed 7,469 rows
[2026-04-10T11:06:50.117+0000] {logging_mixin.py:188} INFO - [clean]   Passenger filter : removed 13 rows
[2026-04-10T11:06:50.257+0000] {logging_mixin.py:188} INFO - [clean]   NYC bounds filter: removed 304 rows
[2026-04-10T11:06:50.258+0000] {logging_mixin.py:188} INFO - 
[clean] Total removed: 18,816 rows (1.3%)
[2026-04-10T11:06:50.258+0000] {logging_mixin.py:188} INFO - [clean] Clean rows  : 1,439,828
[2026-04-10T11:06:50.680+0000] {logging_mixin.py:188} INFO - 
[engineer] Engineering features...
[2026-04-10T11:06:51.503+0000] {logging_mixin.py:188} INFO - [engineer] Output columns: ['hour', 'day_of_week', 'month', 'is_weekend', 'is_rush_hour', 'distance_km', 'passenger_count', 'pickup_latitude', 'pickup_longitude', 'dropoff_latitude', 'dropoff_longitude', 'vendor_id', 'trip_duration', 'pickup_datetime']
[2026-04-10T11:06:51.504+0000] {logging_mixin.py:188} INFO - [engineer] Final shape: (1439828, 14)
[2026-04-10T11:06:52.559+0000] {logging_mixin.py:188} INFO - 
[parquet] Written to /opt/***/data/processed/rideshare_clean.parquet
[2026-04-10T11:06:52.560+0000] {logging_mixin.py:188} INFO - [parquet] Size: 40.2MB  (was 192MB CSV)
[2026-04-10T11:06:52.561+0000] {logging_mixin.py:188} INFO - [parquet] Compression ratio: 4.8x
[2026-04-10T11:06:52.695+0000] {logging_mixin.py:188} INFO - 
[manifest] Written to /opt/***/data/processed/manifest.json
[2026-04-10T11:06:52.696+0000] {logging_mixin.py:188} INFO - [manifest] Processed hash: 60ea1b2cf8faab47c51ddb1dace1223f
[2026-04-10T11:06:52.696+0000] {logging_mixin.py:188} INFO - [manifest] Rows: 1,439,828
[2026-04-10T11:06:52.832+0000] {rideshare_etl.py:334} INFO - [Task 3] Parquet written: /opt/***/data/processed/rideshare_clean.parquet
[2026-04-10T11:06:52.833+0000] {rideshare_etl.py:335} INFO - [Task 3] Output hash: 60ea1b2cf8faab47c51ddb1dace1223f
[2026-04-10T11:06:52.833+0000] {rideshare_etl.py:336} INFO - [Task 3] Rows: 1,439,828
[2026-04-10T11:06:52.833+0000] {rideshare_etl.py:337} INFO - [Task 3] Size: 40MB
[2026-04-10T11:06:52.835+0000] {logging_mixin.py:188} WARNING - /home/***/.local/lib/python3.10/site-packages/***/utils/context.py:315 AirflowContextDeprecationWarning: Accessing 'execution_date' from the template is deprecated and will be removed in a future version. Please use 'data_interval_start' or 'logical_date' instead.
[2026-04-10T11:06:52.835+0000] {rideshare_etl.py:350} INFO - [Task 3] Manifest stamped with run_id: manual__2026-04-10T10:50:31.929102+00:00
[2026-04-10T11:06:52.878+0000] {python.py:201} INFO - Done. Returned value was: {'output_hash': '60ea1b2cf8faab47c51ddb1dace1223f', 'rows': 1439828, 'size_mb': 40, 'run_id': 'manual__2026-04-10T10:50:31.929102+00:00'}
[2026-04-10T11:06:53.408+0000] {taskinstance.py:1138} INFO - Marking task as SUCCESS. dag_id=rideshare_etl, task_id=transform_to_parquet, execution_date=20260410T105031, start_date=20260410T110639, end_date=20260410T110653
[2026-04-10T11:06:53.468+0000] {local_task_job_runner.py:234} INFO - Task exited with return code 0
[2026-04-10T11:06:53.509+0000] {taskinstance.py:3280} INFO - 1 downstream tasks scheduled from follow-on schedule check
