[2026-04-10T10:45:33.837+0000] {processor.py:161} INFO - Started process (PID=159) to work on /opt/airflow/dags/rideshare_etl.py
[2026-04-10T10:45:33.844+0000] {processor.py:830} INFO - Processing file /opt/airflow/dags/rideshare_etl.py for tasks to queue
[2026-04-10T10:45:33.852+0000] {logging_mixin.py:188} INFO - [2026-04-10T10:45:33.850+0000] {dagbag.py:538} INFO - Filling up the DagBag from /opt/airflow/dags/rideshare_etl.py
[2026-04-10T10:45:37.828+0000] {processor.py:840} INFO - DAG(s) 'rideshare_etl' retrieved from /opt/airflow/dags/rideshare_etl.py
[2026-04-10T10:45:40.504+0000] {logging_mixin.py:188} INFO - [2026-04-10T10:45:40.503+0000] {override.py:1769} INFO - Created Permission View: can delete on DAG:rideshare_etl
[2026-04-10T10:45:40.525+0000] {logging_mixin.py:188} INFO - [2026-04-10T10:45:40.524+0000] {override.py:1769} INFO - Created Permission View: can read on DAG:rideshare_etl
[2026-04-10T10:45:40.540+0000] {logging_mixin.py:188} INFO - [2026-04-10T10:45:40.540+0000] {override.py:1769} INFO - Created Permission View: can edit on DAG:rideshare_etl
[2026-04-10T10:45:40.541+0000] {logging_mixin.py:188} INFO - [2026-04-10T10:45:40.541+0000] {dag.py:3036} INFO - Sync 1 DAGs
[2026-04-10T10:45:40.572+0000] {logging_mixin.py:188} INFO - [2026-04-10T10:45:40.571+0000] {dag.py:3058} INFO - Creating ORM DAG for rideshare_etl
[2026-04-10T10:45:40.604+0000] {logging_mixin.py:188} INFO - [2026-04-10T10:45:40.604+0000] {dag.py:3823} INFO - Setting next_dagrun for rideshare_etl to 2026-04-09 00:00:00+00:00, run_after=2026-04-10 00:00:00+00:00
[2026-04-10T10:45:40.652+0000] {processor.py:183} INFO - Processing /opt/airflow/dags/rideshare_etl.py took 6.838 seconds
[2026-04-10T10:46:11.009+0000] {processor.py:161} INFO - Started process (PID=166) to work on /opt/airflow/dags/rideshare_etl.py
[2026-04-10T10:46:11.011+0000] {processor.py:830} INFO - Processing file /opt/airflow/dags/rideshare_etl.py for tasks to queue
[2026-04-10T10:46:11.012+0000] {logging_mixin.py:188} INFO - [2026-04-10T10:46:11.012+0000] {dagbag.py:538} INFO - Filling up the DagBag from /opt/airflow/dags/rideshare_etl.py
[2026-04-10T10:46:11.996+0000] {processor.py:840} INFO - DAG(s) 'rideshare_etl' retrieved from /opt/airflow/dags/rideshare_etl.py
[2026-04-10T10:46:12.187+0000] {logging_mixin.py:188} INFO - [2026-04-10T10:46:12.186+0000] {dag.py:3036} INFO - Sync 1 DAGs
[2026-04-10T10:46:12.261+0000] {logging_mixin.py:188} INFO - [2026-04-10T10:46:12.260+0000] {dag.py:3823} INFO - Setting next_dagrun for rideshare_etl to 2026-04-09 00:00:00+00:00, run_after=2026-04-10 00:00:00+00:00
[2026-04-10T10:46:12.314+0000] {processor.py:183} INFO - Processing /opt/airflow/dags/rideshare_etl.py took 1.326 seconds
[2026-04-10T10:46:42.728+0000] {processor.py:161} INFO - Started process (PID=172) to work on /opt/airflow/dags/rideshare_etl.py
[2026-04-10T10:46:42.741+0000] {processor.py:830} INFO - Processing file /opt/airflow/dags/rideshare_etl.py for tasks to queue
[2026-04-10T10:46:42.744+0000] {logging_mixin.py:188} INFO - [2026-04-10T10:46:42.743+0000] {dagbag.py:538} INFO - Filling up the DagBag from /opt/airflow/dags/rideshare_etl.py
[2026-04-10T10:46:43.478+0000] {processor.py:840} INFO - DAG(s) 'rideshare_etl' retrieved from /opt/airflow/dags/rideshare_etl.py
[2026-04-10T10:46:43.597+0000] {logging_mixin.py:188} INFO - [2026-04-10T10:46:43.597+0000] {dag.py:3036} INFO - Sync 1 DAGs
[2026-04-10T10:46:43.674+0000] {logging_mixin.py:188} INFO - [2026-04-10T10:46:43.673+0000] {dag.py:3823} INFO - Setting next_dagrun for rideshare_etl to 2026-04-09 00:00:00+00:00, run_after=2026-04-10 00:00:00+00:00
[2026-04-10T10:46:43.732+0000] {processor.py:183} INFO - Processing /opt/airflow/dags/rideshare_etl.py took 1.025 seconds
[2026-04-10T10:47:14.009+0000] {processor.py:161} INFO - Started process (PID=178) to work on /opt/airflow/dags/rideshare_etl.py
[2026-04-10T10:47:14.011+0000] {processor.py:830} INFO - Processing file /opt/airflow/dags/rideshare_etl.py for tasks to queue
[2026-04-10T10:47:14.014+0000] {logging_mixin.py:188} INFO - [2026-04-10T10:47:14.013+0000] {dagbag.py:538} INFO - Filling up the DagBag from /opt/airflow/dags/rideshare_etl.py
[2026-04-10T10:47:14.623+0000] {processor.py:840} INFO - DAG(s) 'rideshare_etl' retrieved from /opt/airflow/dags/rideshare_etl.py
[2026-04-10T10:47:14.673+0000] {logging_mixin.py:188} INFO - [2026-04-10T10:47:14.672+0000] {dag.py:3036} INFO - Sync 1 DAGs
[2026-04-10T10:47:14.710+0000] {logging_mixin.py:188} INFO - [2026-04-10T10:47:14.709+0000] {dag.py:3823} INFO - Setting next_dagrun for rideshare_etl to 2026-04-09 00:00:00+00:00, run_after=2026-04-10 00:00:00+00:00
[2026-04-10T10:47:14.748+0000] {processor.py:183} INFO - Processing /opt/airflow/dags/rideshare_etl.py took 0.745 seconds
[2026-04-10T10:47:45.077+0000] {processor.py:161} INFO - Started process (PID=184) to work on /opt/airflow/dags/rideshare_etl.py
[2026-04-10T10:47:45.085+0000] {processor.py:830} INFO - Processing file /opt/airflow/dags/rideshare_etl.py for tasks to queue
[2026-04-10T10:47:45.088+0000] {logging_mixin.py:188} INFO - [2026-04-10T10:47:45.087+0000] {dagbag.py:538} INFO - Filling up the DagBag from /opt/airflow/dags/rideshare_etl.py
[2026-04-10T10:47:45.563+0000] {processor.py:840} INFO - DAG(s) 'rideshare_etl' retrieved from /opt/airflow/dags/rideshare_etl.py
[2026-04-10T10:47:45.615+0000] {logging_mixin.py:188} INFO - [2026-04-10T10:47:45.615+0000] {dag.py:3036} INFO - Sync 1 DAGs
[2026-04-10T10:47:45.652+0000] {logging_mixin.py:188} INFO - [2026-04-10T10:47:45.651+0000] {dag.py:3823} INFO - Setting next_dagrun for rideshare_etl to 2026-04-09 00:00:00+00:00, run_after=2026-04-10 00:00:00+00:00
[2026-04-10T10:47:45.684+0000] {processor.py:183} INFO - Processing /opt/airflow/dags/rideshare_etl.py took 0.615 seconds
[2026-04-10T10:48:16.089+0000] {processor.py:161} INFO - Started process (PID=190) to work on /opt/airflow/dags/rideshare_etl.py
[2026-04-10T10:48:16.096+0000] {processor.py:830} INFO - Processing file /opt/airflow/dags/rideshare_etl.py for tasks to queue
[2026-04-10T10:48:16.100+0000] {logging_mixin.py:188} INFO - [2026-04-10T10:48:16.099+0000] {dagbag.py:538} INFO - Filling up the DagBag from /opt/airflow/dags/rideshare_etl.py
[2026-04-10T10:48:17.624+0000] {processor.py:840} INFO - DAG(s) 'rideshare_etl' retrieved from /opt/airflow/dags/rideshare_etl.py
[2026-04-10T10:48:17.976+0000] {logging_mixin.py:188} INFO - [2026-04-10T10:48:17.976+0000] {dag.py:3036} INFO - Sync 1 DAGs
[2026-04-10T10:48:18.063+0000] {logging_mixin.py:188} INFO - [2026-04-10T10:48:18.063+0000] {dag.py:3823} INFO - Setting next_dagrun for rideshare_etl to 2026-04-09 00:00:00+00:00, run_after=2026-04-10 00:00:00+00:00
[2026-04-10T10:48:18.120+0000] {processor.py:183} INFO - Processing /opt/airflow/dags/rideshare_etl.py took 2.087 seconds
[2026-04-10T10:48:48.392+0000] {processor.py:161} INFO - Started process (PID=196) to work on /opt/airflow/dags/rideshare_etl.py
[2026-04-10T10:48:48.394+0000] {processor.py:830} INFO - Processing file /opt/airflow/dags/rideshare_etl.py for tasks to queue
[2026-04-10T10:48:48.396+0000] {logging_mixin.py:188} INFO - [2026-04-10T10:48:48.395+0000] {dagbag.py:538} INFO - Filling up the DagBag from /opt/airflow/dags/rideshare_etl.py
[2026-04-10T10:48:48.833+0000] {processor.py:840} INFO - DAG(s) 'rideshare_etl' retrieved from /opt/airflow/dags/rideshare_etl.py
[2026-04-10T10:48:48.891+0000] {logging_mixin.py:188} INFO - [2026-04-10T10:48:48.890+0000] {dag.py:3036} INFO - Sync 1 DAGs
[2026-04-10T10:48:48.935+0000] {logging_mixin.py:188} INFO - [2026-04-10T10:48:48.935+0000] {dag.py:3823} INFO - Setting next_dagrun for rideshare_etl to 2026-04-09 00:00:00+00:00, run_after=2026-04-10 00:00:00+00:00
[2026-04-10T10:48:48.968+0000] {processor.py:183} INFO - Processing /opt/airflow/dags/rideshare_etl.py took 0.584 seconds
[2026-04-10T10:49:19.296+0000] {processor.py:161} INFO - Started process (PID=202) to work on /opt/airflow/dags/rideshare_etl.py
[2026-04-10T10:49:19.298+0000] {processor.py:830} INFO - Processing file /opt/airflow/dags/rideshare_etl.py for tasks to queue
[2026-04-10T10:49:19.299+0000] {logging_mixin.py:188} INFO - [2026-04-10T10:49:19.299+0000] {dagbag.py:538} INFO - Filling up the DagBag from /opt/airflow/dags/rideshare_etl.py
[2026-04-10T10:49:19.773+0000] {processor.py:840} INFO - DAG(s) 'rideshare_etl' retrieved from /opt/airflow/dags/rideshare_etl.py
[2026-04-10T10:49:20.015+0000] {logging_mixin.py:188} INFO - [2026-04-10T10:49:20.014+0000] {dag.py:3036} INFO - Sync 1 DAGs
[2026-04-10T10:49:20.127+0000] {logging_mixin.py:188} INFO - [2026-04-10T10:49:20.127+0000] {dag.py:3823} INFO - Setting next_dagrun for rideshare_etl to 2026-04-09 00:00:00+00:00, run_after=2026-04-10 00:00:00+00:00
[2026-04-10T10:49:20.204+0000] {processor.py:183} INFO - Processing /opt/airflow/dags/rideshare_etl.py took 0.916 seconds
[2026-04-10T10:49:50.501+0000] {processor.py:161} INFO - Started process (PID=211) to work on /opt/airflow/dags/rideshare_etl.py
[2026-04-10T10:49:50.503+0000] {processor.py:830} INFO - Processing file /opt/airflow/dags/rideshare_etl.py for tasks to queue
[2026-04-10T10:49:50.505+0000] {logging_mixin.py:188} INFO - [2026-04-10T10:49:50.504+0000] {dagbag.py:538} INFO - Filling up the DagBag from /opt/airflow/dags/rideshare_etl.py
[2026-04-10T10:49:50.934+0000] {processor.py:840} INFO - DAG(s) 'rideshare_etl' retrieved from /opt/airflow/dags/rideshare_etl.py
[2026-04-10T10:49:50.986+0000] {logging_mixin.py:188} INFO - [2026-04-10T10:49:50.986+0000] {dag.py:3036} INFO - Sync 1 DAGs
[2026-04-10T10:49:51.032+0000] {logging_mixin.py:188} INFO - [2026-04-10T10:49:51.032+0000] {dag.py:3823} INFO - Setting next_dagrun for rideshare_etl to 2026-04-10 00:00:00+00:00, run_after=2026-04-11 00:00:00+00:00
[2026-04-10T10:49:51.066+0000] {processor.py:183} INFO - Processing /opt/airflow/dags/rideshare_etl.py took 0.573 seconds
[2026-04-10T10:50:21.428+0000] {processor.py:161} INFO - Started process (PID=217) to work on /opt/airflow/dags/rideshare_etl.py
[2026-04-10T10:50:21.433+0000] {processor.py:830} INFO - Processing file /opt/airflow/dags/rideshare_etl.py for tasks to queue
[2026-04-10T10:50:21.435+0000] {logging_mixin.py:188} INFO - [2026-04-10T10:50:21.435+0000] {dagbag.py:538} INFO - Filling up the DagBag from /opt/airflow/dags/rideshare_etl.py
[2026-04-10T10:50:22.010+0000] {processor.py:840} INFO - DAG(s) 'rideshare_etl' retrieved from /opt/airflow/dags/rideshare_etl.py
[2026-04-10T10:50:22.120+0000] {logging_mixin.py:188} INFO - [2026-04-10T10:50:22.120+0000] {dag.py:3036} INFO - Sync 1 DAGs
[2026-04-10T10:50:22.202+0000] {logging_mixin.py:188} INFO - [2026-04-10T10:50:22.201+0000] {dag.py:3823} INFO - Setting next_dagrun for rideshare_etl to 2026-04-10 00:00:00+00:00, run_after=2026-04-11 00:00:00+00:00
[2026-04-10T10:50:22.251+0000] {processor.py:183} INFO - Processing /opt/airflow/dags/rideshare_etl.py took 0.830 seconds
[2026-04-10T10:50:52.589+0000] {processor.py:161} INFO - Started process (PID=235) to work on /opt/airflow/dags/rideshare_etl.py
[2026-04-10T10:50:52.597+0000] {processor.py:830} INFO - Processing file /opt/airflow/dags/rideshare_etl.py for tasks to queue
[2026-04-10T10:50:52.604+0000] {logging_mixin.py:188} INFO - [2026-04-10T10:50:52.603+0000] {dagbag.py:538} INFO - Filling up the DagBag from /opt/airflow/dags/rideshare_etl.py
[2026-04-10T10:50:53.768+0000] {processor.py:840} INFO - DAG(s) 'rideshare_etl' retrieved from /opt/airflow/dags/rideshare_etl.py
[2026-04-10T10:50:53.941+0000] {logging_mixin.py:188} INFO - [2026-04-10T10:50:53.940+0000] {dag.py:3036} INFO - Sync 1 DAGs
[2026-04-10T10:50:54.155+0000] {logging_mixin.py:188} INFO - [2026-04-10T10:50:54.154+0000] {dag.py:3823} INFO - Setting next_dagrun for rideshare_etl to 2026-04-10 00:00:00+00:00, run_after=2026-04-11 00:00:00+00:00
[2026-04-10T10:50:54.254+0000] {processor.py:183} INFO - Processing /opt/airflow/dags/rideshare_etl.py took 1.682 seconds
[2026-04-10T10:51:24.451+0000] {processor.py:161} INFO - Started process (PID=252) to work on /opt/airflow/dags/rideshare_etl.py
[2026-04-10T10:51:24.454+0000] {processor.py:830} INFO - Processing file /opt/airflow/dags/rideshare_etl.py for tasks to queue
[2026-04-10T10:51:24.459+0000] {logging_mixin.py:188} INFO - [2026-04-10T10:51:24.457+0000] {dagbag.py:538} INFO - Filling up the DagBag from /opt/airflow/dags/rideshare_etl.py
[2026-04-10T10:51:26.049+0000] {processor.py:840} INFO - DAG(s) 'rideshare_etl' retrieved from /opt/airflow/dags/rideshare_etl.py
[2026-04-10T10:51:26.132+0000] {logging_mixin.py:188} INFO - [2026-04-10T10:51:26.131+0000] {dag.py:3036} INFO - Sync 1 DAGs
[2026-04-10T10:51:26.180+0000] {logging_mixin.py:188} INFO - [2026-04-10T10:51:26.180+0000] {dag.py:3823} INFO - Setting next_dagrun for rideshare_etl to 2026-04-10 00:00:00+00:00, run_after=2026-04-11 00:00:00+00:00
[2026-04-10T10:51:26.225+0000] {processor.py:183} INFO - Processing /opt/airflow/dags/rideshare_etl.py took 1.788 seconds
[2026-04-10T10:51:56.702+0000] {processor.py:161} INFO - Started process (PID=258) to work on /opt/airflow/dags/rideshare_etl.py
[2026-04-10T10:51:56.704+0000] {processor.py:830} INFO - Processing file /opt/airflow/dags/rideshare_etl.py for tasks to queue
[2026-04-10T10:51:56.705+0000] {logging_mixin.py:188} INFO - [2026-04-10T10:51:56.705+0000] {dagbag.py:538} INFO - Filling up the DagBag from /opt/airflow/dags/rideshare_etl.py
[2026-04-10T10:51:57.190+0000] {processor.py:840} INFO - DAG(s) 'rideshare_etl' retrieved from /opt/airflow/dags/rideshare_etl.py
[2026-04-10T10:51:57.239+0000] {logging_mixin.py:188} INFO - [2026-04-10T10:51:57.239+0000] {dag.py:3036} INFO - Sync 1 DAGs
[2026-04-10T10:51:57.275+0000] {logging_mixin.py:188} INFO - [2026-04-10T10:51:57.275+0000] {dag.py:3823} INFO - Setting next_dagrun for rideshare_etl to 2026-04-10 00:00:00+00:00, run_after=2026-04-11 00:00:00+00:00
[2026-04-10T10:51:57.309+0000] {processor.py:183} INFO - Processing /opt/airflow/dags/rideshare_etl.py took 0.617 seconds
[2026-04-10T10:52:27.451+0000] {processor.py:161} INFO - Started process (PID=264) to work on /opt/airflow/dags/rideshare_etl.py
[2026-04-10T10:52:27.453+0000] {processor.py:830} INFO - Processing file /opt/airflow/dags/rideshare_etl.py for tasks to queue
[2026-04-10T10:52:27.454+0000] {logging_mixin.py:188} INFO - [2026-04-10T10:52:27.454+0000] {dagbag.py:538} INFO - Filling up the DagBag from /opt/airflow/dags/rideshare_etl.py
[2026-04-10T10:52:27.970+0000] {processor.py:840} INFO - DAG(s) 'rideshare_etl' retrieved from /opt/airflow/dags/rideshare_etl.py
[2026-04-10T10:52:28.019+0000] {logging_mixin.py:188} INFO - [2026-04-10T10:52:28.019+0000] {dag.py:3036} INFO - Sync 1 DAGs
[2026-04-10T10:52:28.057+0000] {logging_mixin.py:188} INFO - [2026-04-10T10:52:28.057+0000] {dag.py:3823} INFO - Setting next_dagrun for rideshare_etl to 2026-04-10 00:00:00+00:00, run_after=2026-04-11 00:00:00+00:00
[2026-04-10T10:52:28.090+0000] {processor.py:183} INFO - Processing /opt/airflow/dags/rideshare_etl.py took 0.648 seconds
[2026-04-10T10:52:58.391+0000] {processor.py:161} INFO - Started process (PID=283) to work on /opt/airflow/dags/rideshare_etl.py
[2026-04-10T10:52:58.394+0000] {processor.py:830} INFO - Processing file /opt/airflow/dags/rideshare_etl.py for tasks to queue
[2026-04-10T10:52:58.395+0000] {logging_mixin.py:188} INFO - [2026-04-10T10:52:58.395+0000] {dagbag.py:538} INFO - Filling up the DagBag from /opt/airflow/dags/rideshare_etl.py
[2026-04-10T10:52:58.830+0000] {processor.py:840} INFO - DAG(s) 'rideshare_etl' retrieved from /opt/airflow/dags/rideshare_etl.py
[2026-04-10T10:52:58.880+0000] {logging_mixin.py:188} INFO - [2026-04-10T10:52:58.879+0000] {dag.py:3036} INFO - Sync 1 DAGs
[2026-04-10T10:52:58.913+0000] {logging_mixin.py:188} INFO - [2026-04-10T10:52:58.913+0000] {dag.py:3823} INFO - Setting next_dagrun for rideshare_etl to 2026-04-10 00:00:00+00:00, run_after=2026-04-11 00:00:00+00:00
[2026-04-10T10:52:58.943+0000] {processor.py:183} INFO - Processing /opt/airflow/dags/rideshare_etl.py took 0.559 seconds
[2026-04-10T10:53:29.209+0000] {processor.py:161} INFO - Started process (PID=289) to work on /opt/airflow/dags/rideshare_etl.py
[2026-04-10T10:53:29.210+0000] {processor.py:830} INFO - Processing file /opt/airflow/dags/rideshare_etl.py for tasks to queue
[2026-04-10T10:53:29.212+0000] {logging_mixin.py:188} INFO - [2026-04-10T10:53:29.211+0000] {dagbag.py:538} INFO - Filling up the DagBag from /opt/airflow/dags/rideshare_etl.py
[2026-04-10T10:53:29.746+0000] {processor.py:840} INFO - DAG(s) 'rideshare_etl' retrieved from /opt/airflow/dags/rideshare_etl.py
[2026-04-10T10:53:29.802+0000] {logging_mixin.py:188} INFO - [2026-04-10T10:53:29.801+0000] {dag.py:3036} INFO - Sync 1 DAGs
[2026-04-10T10:53:30.475+0000] {logging_mixin.py:188} INFO - [2026-04-10T10:53:30.474+0000] {dag.py:3823} INFO - Setting next_dagrun for rideshare_etl to 2026-04-10 00:00:00+00:00, run_after=2026-04-11 00:00:00+00:00
[2026-04-10T10:53:30.509+0000] {processor.py:183} INFO - Processing /opt/airflow/dags/rideshare_etl.py took 1.308 seconds
[2026-04-10T10:54:00.715+0000] {processor.py:161} INFO - Started process (PID=295) to work on /opt/airflow/dags/rideshare_etl.py
[2026-04-10T10:54:00.717+0000] {processor.py:830} INFO - Processing file /opt/airflow/dags/rideshare_etl.py for tasks to queue
[2026-04-10T10:54:00.719+0000] {logging_mixin.py:188} INFO - [2026-04-10T10:54:00.718+0000] {dagbag.py:538} INFO - Filling up the DagBag from /opt/airflow/dags/rideshare_etl.py
[2026-04-10T10:54:01.132+0000] {processor.py:840} INFO - DAG(s) 'rideshare_etl' retrieved from /opt/airflow/dags/rideshare_etl.py
[2026-04-10T10:54:01.179+0000] {logging_mixin.py:188} INFO - [2026-04-10T10:54:01.178+0000] {dag.py:3036} INFO - Sync 1 DAGs
[2026-04-10T10:54:01.213+0000] {logging_mixin.py:188} INFO - [2026-04-10T10:54:01.213+0000] {dag.py:3823} INFO - Setting next_dagrun for rideshare_etl to 2026-04-10 00:00:00+00:00, run_after=2026-04-11 00:00:00+00:00
[2026-04-10T10:54:01.250+0000] {processor.py:183} INFO - Processing /opt/airflow/dags/rideshare_etl.py took 0.542 seconds
[2026-04-10T10:54:31.646+0000] {processor.py:161} INFO - Started process (PID=301) to work on /opt/airflow/dags/rideshare_etl.py
[2026-04-10T10:54:31.647+0000] {processor.py:830} INFO - Processing file /opt/airflow/dags/rideshare_etl.py for tasks to queue
[2026-04-10T10:54:31.649+0000] {logging_mixin.py:188} INFO - [2026-04-10T10:54:31.648+0000] {dagbag.py:538} INFO - Filling up the DagBag from /opt/airflow/dags/rideshare_etl.py
[2026-04-10T10:54:32.064+0000] {processor.py:840} INFO - DAG(s) 'rideshare_etl' retrieved from /opt/airflow/dags/rideshare_etl.py
[2026-04-10T10:54:32.111+0000] {logging_mixin.py:188} INFO - [2026-04-10T10:54:32.111+0000] {dag.py:3036} INFO - Sync 1 DAGs
[2026-04-10T10:54:32.143+0000] {logging_mixin.py:188} INFO - [2026-04-10T10:54:32.143+0000] {dag.py:3823} INFO - Setting next_dagrun for rideshare_etl to 2026-04-10 00:00:00+00:00, run_after=2026-04-11 00:00:00+00:00
[2026-04-10T10:54:32.460+0000] {processor.py:183} INFO - Processing /opt/airflow/dags/rideshare_etl.py took 0.832 seconds
[2026-04-10T10:55:02.634+0000] {processor.py:161} INFO - Started process (PID=307) to work on /opt/airflow/dags/rideshare_etl.py
[2026-04-10T10:55:02.639+0000] {processor.py:830} INFO - Processing file /opt/airflow/dags/rideshare_etl.py for tasks to queue
[2026-04-10T10:55:02.643+0000] {logging_mixin.py:188} INFO - [2026-04-10T10:55:02.642+0000] {dagbag.py:538} INFO - Filling up the DagBag from /opt/airflow/dags/rideshare_etl.py
[2026-04-10T10:55:03.377+0000] {processor.py:840} INFO - DAG(s) 'rideshare_etl' retrieved from /opt/airflow/dags/rideshare_etl.py
[2026-04-10T10:55:03.458+0000] {logging_mixin.py:188} INFO - [2026-04-10T10:55:03.457+0000] {dag.py:3036} INFO - Sync 1 DAGs
[2026-04-10T10:55:03.967+0000] {logging_mixin.py:188} INFO - [2026-04-10T10:55:03.966+0000] {dag.py:3823} INFO - Setting next_dagrun for rideshare_etl to 2026-04-10 00:00:00+00:00, run_after=2026-04-11 00:00:00+00:00
[2026-04-10T10:55:04.012+0000] {processor.py:183} INFO - Processing /opt/airflow/dags/rideshare_etl.py took 1.390 seconds
[2026-04-10T10:55:34.369+0000] {processor.py:161} INFO - Started process (PID=313) to work on /opt/airflow/dags/rideshare_etl.py
[2026-04-10T10:55:34.371+0000] {processor.py:830} INFO - Processing file /opt/airflow/dags/rideshare_etl.py for tasks to queue
[2026-04-10T10:55:34.374+0000] {logging_mixin.py:188} INFO - [2026-04-10T10:55:34.373+0000] {dagbag.py:538} INFO - Filling up the DagBag from /opt/airflow/dags/rideshare_etl.py
[2026-04-10T10:55:34.900+0000] {processor.py:840} INFO - DAG(s) 'rideshare_etl' retrieved from /opt/airflow/dags/rideshare_etl.py
[2026-04-10T10:55:34.953+0000] {logging_mixin.py:188} INFO - [2026-04-10T10:55:34.952+0000] {dag.py:3036} INFO - Sync 1 DAGs
[2026-04-10T10:55:34.991+0000] {logging_mixin.py:188} INFO - [2026-04-10T10:55:34.990+0000] {dag.py:3823} INFO - Setting next_dagrun for rideshare_etl to 2026-04-10 00:00:00+00:00, run_after=2026-04-11 00:00:00+00:00
[2026-04-10T10:55:35.021+0000] {processor.py:183} INFO - Processing /opt/airflow/dags/rideshare_etl.py took 0.661 seconds
[2026-04-10T10:56:05.473+0000] {processor.py:161} INFO - Started process (PID=319) to work on /opt/airflow/dags/rideshare_etl.py
[2026-04-10T10:56:05.475+0000] {processor.py:830} INFO - Processing file /opt/airflow/dags/rideshare_etl.py for tasks to queue
[2026-04-10T10:56:05.477+0000] {logging_mixin.py:188} INFO - [2026-04-10T10:56:05.476+0000] {dagbag.py:538} INFO - Filling up the DagBag from /opt/airflow/dags/rideshare_etl.py
[2026-04-10T10:56:05.896+0000] {processor.py:840} INFO - DAG(s) 'rideshare_etl' retrieved from /opt/airflow/dags/rideshare_etl.py
[2026-04-10T10:56:05.945+0000] {logging_mixin.py:188} INFO - [2026-04-10T10:56:05.945+0000] {dag.py:3036} INFO - Sync 1 DAGs
[2026-04-10T10:56:06.239+0000] {logging_mixin.py:188} INFO - [2026-04-10T10:56:06.238+0000] {dag.py:3823} INFO - Setting next_dagrun for rideshare_etl to 2026-04-10 00:00:00+00:00, run_after=2026-04-11 00:00:00+00:00
[2026-04-10T10:56:06.270+0000] {processor.py:183} INFO - Processing /opt/airflow/dags/rideshare_etl.py took 0.803 seconds
[2026-04-10T10:56:42.459+0000] {processor.py:161} INFO - Started process (PID=331) to work on /opt/airflow/dags/rideshare_etl.py
[2026-04-10T10:56:42.471+0000] {processor.py:830} INFO - Processing file /opt/airflow/dags/rideshare_etl.py for tasks to queue
[2026-04-10T10:56:42.506+0000] {logging_mixin.py:188} INFO - [2026-04-10T10:56:42.490+0000] {dagbag.py:538} INFO - Filling up the DagBag from /opt/airflow/dags/rideshare_etl.py
[2026-04-10T10:56:45.085+0000] {processor.py:840} INFO - DAG(s) 'rideshare_etl' retrieved from /opt/airflow/dags/rideshare_etl.py
[2026-04-10T10:56:46.084+0000] {logging_mixin.py:188} INFO - [2026-04-10T10:56:46.083+0000] {dag.py:3036} INFO - Sync 1 DAGs
[2026-04-10T10:56:46.143+0000] {logging_mixin.py:188} INFO - [2026-04-10T10:56:46.143+0000] {dag.py:3823} INFO - Setting next_dagrun for rideshare_etl to 2026-04-10 00:00:00+00:00, run_after=2026-04-11 00:00:00+00:00
[2026-04-10T10:56:46.193+0000] {processor.py:183} INFO - Processing /opt/airflow/dags/rideshare_etl.py took 3.997 seconds
[2026-04-10T10:57:16.673+0000] {processor.py:161} INFO - Started process (PID=345) to work on /opt/airflow/dags/rideshare_etl.py
[2026-04-10T10:57:16.675+0000] {processor.py:830} INFO - Processing file /opt/airflow/dags/rideshare_etl.py for tasks to queue
[2026-04-10T10:57:16.676+0000] {logging_mixin.py:188} INFO - [2026-04-10T10:57:16.675+0000] {dagbag.py:538} INFO - Filling up the DagBag from /opt/airflow/dags/rideshare_etl.py
[2026-04-10T10:57:17.140+0000] {processor.py:840} INFO - DAG(s) 'rideshare_etl' retrieved from /opt/airflow/dags/rideshare_etl.py
[2026-04-10T10:57:17.198+0000] {logging_mixin.py:188} INFO - [2026-04-10T10:57:17.197+0000] {dag.py:3036} INFO - Sync 1 DAGs
[2026-04-10T10:57:17.244+0000] {logging_mixin.py:188} INFO - [2026-04-10T10:57:17.244+0000] {dag.py:3823} INFO - Setting next_dagrun for rideshare_etl to 2026-04-10 00:00:00+00:00, run_after=2026-04-11 00:00:00+00:00
[2026-04-10T10:57:17.582+0000] {processor.py:183} INFO - Processing /opt/airflow/dags/rideshare_etl.py took 0.916 seconds
[2026-04-10T10:57:48.118+0000] {processor.py:161} INFO - Started process (PID=351) to work on /opt/airflow/dags/rideshare_etl.py
[2026-04-10T10:57:48.121+0000] {processor.py:830} INFO - Processing file /opt/airflow/dags/rideshare_etl.py for tasks to queue
[2026-04-10T10:57:48.123+0000] {logging_mixin.py:188} INFO - [2026-04-10T10:57:48.122+0000] {dagbag.py:538} INFO - Filling up the DagBag from /opt/airflow/dags/rideshare_etl.py
[2026-04-10T10:57:48.571+0000] {processor.py:840} INFO - DAG(s) 'rideshare_etl' retrieved from /opt/airflow/dags/rideshare_etl.py
[2026-04-10T10:57:48.623+0000] {logging_mixin.py:188} INFO - [2026-04-10T10:57:48.623+0000] {dag.py:3036} INFO - Sync 1 DAGs
[2026-04-10T10:57:48.909+0000] {logging_mixin.py:188} INFO - [2026-04-10T10:57:48.909+0000] {dag.py:3823} INFO - Setting next_dagrun for rideshare_etl to 2026-04-10 00:00:00+00:00, run_after=2026-04-11 00:00:00+00:00
[2026-04-10T10:57:48.939+0000] {processor.py:183} INFO - Processing /opt/airflow/dags/rideshare_etl.py took 0.831 seconds
[2026-04-10T10:58:19.383+0000] {processor.py:161} INFO - Started process (PID=364) to work on /opt/airflow/dags/rideshare_etl.py
[2026-04-10T10:58:19.386+0000] {processor.py:830} INFO - Processing file /opt/airflow/dags/rideshare_etl.py for tasks to queue
[2026-04-10T10:58:19.387+0000] {logging_mixin.py:188} INFO - [2026-04-10T10:58:19.387+0000] {dagbag.py:538} INFO - Filling up the DagBag from /opt/airflow/dags/rideshare_etl.py
[2026-04-10T10:58:19.805+0000] {processor.py:840} INFO - DAG(s) 'rideshare_etl' retrieved from /opt/airflow/dags/rideshare_etl.py
[2026-04-10T10:58:19.853+0000] {logging_mixin.py:188} INFO - [2026-04-10T10:58:19.853+0000] {dag.py:3036} INFO - Sync 1 DAGs
[2026-04-10T10:58:19.887+0000] {logging_mixin.py:188} INFO - [2026-04-10T10:58:19.887+0000] {dag.py:3823} INFO - Setting next_dagrun for rideshare_etl to 2026-04-10 00:00:00+00:00, run_after=2026-04-11 00:00:00+00:00
[2026-04-10T10:58:19.918+0000] {processor.py:183} INFO - Processing /opt/airflow/dags/rideshare_etl.py took 0.542 seconds
[2026-04-10T10:58:50.319+0000] {processor.py:161} INFO - Started process (PID=370) to work on /opt/airflow/dags/rideshare_etl.py
[2026-04-10T10:58:50.322+0000] {processor.py:830} INFO - Processing file /opt/airflow/dags/rideshare_etl.py for tasks to queue
[2026-04-10T10:58:50.324+0000] {logging_mixin.py:188} INFO - [2026-04-10T10:58:50.323+0000] {dagbag.py:538} INFO - Filling up the DagBag from /opt/airflow/dags/rideshare_etl.py
[2026-04-10T10:58:50.929+0000] {processor.py:840} INFO - DAG(s) 'rideshare_etl' retrieved from /opt/airflow/dags/rideshare_etl.py
[2026-04-10T10:58:50.977+0000] {logging_mixin.py:188} INFO - [2026-04-10T10:58:50.977+0000] {dag.py:3036} INFO - Sync 1 DAGs
[2026-04-10T10:58:51.269+0000] {logging_mixin.py:188} INFO - [2026-04-10T10:58:51.269+0000] {dag.py:3823} INFO - Setting next_dagrun for rideshare_etl to 2026-04-10 00:00:00+00:00, run_after=2026-04-11 00:00:00+00:00
[2026-04-10T10:58:51.298+0000] {processor.py:183} INFO - Processing /opt/airflow/dags/rideshare_etl.py took 0.989 seconds
[2026-04-10T10:59:21.801+0000] {processor.py:161} INFO - Started process (PID=376) to work on /opt/airflow/dags/rideshare_etl.py
[2026-04-10T10:59:21.803+0000] {processor.py:830} INFO - Processing file /opt/airflow/dags/rideshare_etl.py for tasks to queue
[2026-04-10T10:59:21.805+0000] {logging_mixin.py:188} INFO - [2026-04-10T10:59:21.804+0000] {dagbag.py:538} INFO - Filling up the DagBag from /opt/airflow/dags/rideshare_etl.py
[2026-04-10T10:59:22.223+0000] {processor.py:840} INFO - DAG(s) 'rideshare_etl' retrieved from /opt/airflow/dags/rideshare_etl.py
[2026-04-10T10:59:22.538+0000] {logging_mixin.py:188} INFO - [2026-04-10T10:59:22.533+0000] {dag.py:3036} INFO - Sync 1 DAGs
[2026-04-10T10:59:22.610+0000] {logging_mixin.py:188} INFO - [2026-04-10T10:59:22.609+0000] {dag.py:3823} INFO - Setting next_dagrun for rideshare_etl to 2026-04-10 00:00:00+00:00, run_after=2026-04-11 00:00:00+00:00
[2026-04-10T10:59:22.644+0000] {processor.py:183} INFO - Processing /opt/airflow/dags/rideshare_etl.py took 0.851 seconds
[2026-04-10T10:59:53.131+0000] {processor.py:161} INFO - Started process (PID=382) to work on /opt/airflow/dags/rideshare_etl.py
[2026-04-10T10:59:53.133+0000] {processor.py:830} INFO - Processing file /opt/airflow/dags/rideshare_etl.py for tasks to queue
[2026-04-10T10:59:53.134+0000] {logging_mixin.py:188} INFO - [2026-04-10T10:59:53.134+0000] {dagbag.py:538} INFO - Filling up the DagBag from /opt/airflow/dags/rideshare_etl.py
[2026-04-10T10:59:53.576+0000] {processor.py:840} INFO - DAG(s) 'rideshare_etl' retrieved from /opt/airflow/dags/rideshare_etl.py
[2026-04-10T10:59:53.625+0000] {logging_mixin.py:188} INFO - [2026-04-10T10:59:53.624+0000] {dag.py:3036} INFO - Sync 1 DAGs
[2026-04-10T10:59:53.897+0000] {logging_mixin.py:188} INFO - [2026-04-10T10:59:53.897+0000] {dag.py:3823} INFO - Setting next_dagrun for rideshare_etl to 2026-04-10 00:00:00+00:00, run_after=2026-04-11 00:00:00+00:00
[2026-04-10T10:59:53.927+0000] {processor.py:183} INFO - Processing /opt/airflow/dags/rideshare_etl.py took 0.804 seconds
[2026-04-10T11:00:24.387+0000] {processor.py:161} INFO - Started process (PID=388) to work on /opt/airflow/dags/rideshare_etl.py
[2026-04-10T11:00:24.389+0000] {processor.py:830} INFO - Processing file /opt/airflow/dags/rideshare_etl.py for tasks to queue
[2026-04-10T11:00:24.390+0000] {logging_mixin.py:188} INFO - [2026-04-10T11:00:24.389+0000] {dagbag.py:538} INFO - Filling up the DagBag from /opt/airflow/dags/rideshare_etl.py
[2026-04-10T11:00:24.800+0000] {processor.py:840} INFO - DAG(s) 'rideshare_etl' retrieved from /opt/airflow/dags/rideshare_etl.py
[2026-04-10T11:00:25.080+0000] {logging_mixin.py:188} INFO - [2026-04-10T11:00:25.079+0000] {dag.py:3036} INFO - Sync 1 DAGs
[2026-04-10T11:00:25.108+0000] {logging_mixin.py:188} INFO - [2026-04-10T11:00:25.108+0000] {dag.py:3823} INFO - Setting next_dagrun for rideshare_etl to 2026-04-10 00:00:00+00:00, run_after=2026-04-11 00:00:00+00:00
[2026-04-10T11:00:25.135+0000] {processor.py:183} INFO - Processing /opt/airflow/dags/rideshare_etl.py took 0.757 seconds
[2026-04-10T11:00:55.555+0000] {processor.py:161} INFO - Started process (PID=394) to work on /opt/airflow/dags/rideshare_etl.py
[2026-04-10T11:00:55.558+0000] {processor.py:830} INFO - Processing file /opt/airflow/dags/rideshare_etl.py for tasks to queue
[2026-04-10T11:00:55.560+0000] {logging_mixin.py:188} INFO - [2026-04-10T11:00:55.559+0000] {dagbag.py:538} INFO - Filling up the DagBag from /opt/airflow/dags/rideshare_etl.py
[2026-04-10T11:00:56.075+0000] {processor.py:840} INFO - DAG(s) 'rideshare_etl' retrieved from /opt/airflow/dags/rideshare_etl.py
[2026-04-10T11:00:56.135+0000] {logging_mixin.py:188} INFO - [2026-04-10T11:00:56.134+0000] {dag.py:3036} INFO - Sync 1 DAGs
[2026-04-10T11:00:56.173+0000] {logging_mixin.py:188} INFO - [2026-04-10T11:00:56.173+0000] {dag.py:3823} INFO - Setting next_dagrun for rideshare_etl to 2026-04-10 00:00:00+00:00, run_after=2026-04-11 00:00:00+00:00
[2026-04-10T11:00:56.465+0000] {processor.py:183} INFO - Processing /opt/airflow/dags/rideshare_etl.py took 0.919 seconds
[2026-04-10T11:01:26.843+0000] {processor.py:161} INFO - Started process (PID=400) to work on /opt/airflow/dags/rideshare_etl.py
[2026-04-10T11:01:26.845+0000] {processor.py:830} INFO - Processing file /opt/airflow/dags/rideshare_etl.py for tasks to queue
[2026-04-10T11:01:26.847+0000] {logging_mixin.py:188} INFO - [2026-04-10T11:01:26.846+0000] {dagbag.py:538} INFO - Filling up the DagBag from /opt/airflow/dags/rideshare_etl.py
[2026-04-10T11:01:27.338+0000] {processor.py:840} INFO - DAG(s) 'rideshare_etl' retrieved from /opt/airflow/dags/rideshare_etl.py
[2026-04-10T11:01:27.393+0000] {logging_mixin.py:188} INFO - [2026-04-10T11:01:27.393+0000] {dag.py:3036} INFO - Sync 1 DAGs
[2026-04-10T11:01:27.671+0000] {logging_mixin.py:188} INFO - [2026-04-10T11:01:27.671+0000] {dag.py:3823} INFO - Setting next_dagrun for rideshare_etl to 2026-04-10 00:00:00+00:00, run_after=2026-04-11 00:00:00+00:00
[2026-04-10T11:01:27.703+0000] {processor.py:183} INFO - Processing /opt/airflow/dags/rideshare_etl.py took 0.868 seconds
[2026-04-10T11:01:58.039+0000] {processor.py:161} INFO - Started process (PID=406) to work on /opt/airflow/dags/rideshare_etl.py
[2026-04-10T11:01:58.041+0000] {processor.py:830} INFO - Processing file /opt/airflow/dags/rideshare_etl.py for tasks to queue
[2026-04-10T11:01:58.043+0000] {logging_mixin.py:188} INFO - [2026-04-10T11:01:58.042+0000] {dagbag.py:538} INFO - Filling up the DagBag from /opt/airflow/dags/rideshare_etl.py
[2026-04-10T11:01:58.825+0000] {processor.py:840} INFO - DAG(s) 'rideshare_etl' retrieved from /opt/airflow/dags/rideshare_etl.py
[2026-04-10T11:01:58.872+0000] {logging_mixin.py:188} INFO - [2026-04-10T11:01:58.871+0000] {dag.py:3036} INFO - Sync 1 DAGs
[2026-04-10T11:01:58.907+0000] {logging_mixin.py:188} INFO - [2026-04-10T11:01:58.907+0000] {dag.py:3823} INFO - Setting next_dagrun for rideshare_etl to 2026-04-10 00:00:00+00:00, run_after=2026-04-11 00:00:00+00:00
[2026-04-10T11:01:58.939+0000] {processor.py:183} INFO - Processing /opt/airflow/dags/rideshare_etl.py took 0.909 seconds
[2026-04-10T11:02:29.383+0000] {processor.py:161} INFO - Started process (PID=412) to work on /opt/airflow/dags/rideshare_etl.py
[2026-04-10T11:02:29.386+0000] {processor.py:830} INFO - Processing file /opt/airflow/dags/rideshare_etl.py for tasks to queue
[2026-04-10T11:02:29.387+0000] {logging_mixin.py:188} INFO - [2026-04-10T11:02:29.387+0000] {dagbag.py:538} INFO - Filling up the DagBag from /opt/airflow/dags/rideshare_etl.py
[2026-04-10T11:02:29.884+0000] {processor.py:840} INFO - DAG(s) 'rideshare_etl' retrieved from /opt/airflow/dags/rideshare_etl.py
[2026-04-10T11:02:29.938+0000] {logging_mixin.py:188} INFO - [2026-04-10T11:02:29.938+0000] {dag.py:3036} INFO - Sync 1 DAGs
[2026-04-10T11:02:30.279+0000] {logging_mixin.py:188} INFO - [2026-04-10T11:02:30.279+0000] {dag.py:3823} INFO - Setting next_dagrun for rideshare_etl to 2026-04-10 00:00:00+00:00, run_after=2026-04-11 00:00:00+00:00
[2026-04-10T11:02:30.305+0000] {processor.py:183} INFO - Processing /opt/airflow/dags/rideshare_etl.py took 0.932 seconds
[2026-04-10T11:03:00.825+0000] {processor.py:161} INFO - Started process (PID=418) to work on /opt/airflow/dags/rideshare_etl.py
[2026-04-10T11:03:00.830+0000] {processor.py:830} INFO - Processing file /opt/airflow/dags/rideshare_etl.py for tasks to queue
[2026-04-10T11:03:00.832+0000] {logging_mixin.py:188} INFO - [2026-04-10T11:03:00.831+0000] {dagbag.py:538} INFO - Filling up the DagBag from /opt/airflow/dags/rideshare_etl.py
[2026-04-10T11:03:01.717+0000] {processor.py:840} INFO - DAG(s) 'rideshare_etl' retrieved from /opt/airflow/dags/rideshare_etl.py
[2026-04-10T11:03:01.775+0000] {logging_mixin.py:188} INFO - [2026-04-10T11:03:01.774+0000] {dag.py:3036} INFO - Sync 1 DAGs
[2026-04-10T11:03:01.825+0000] {logging_mixin.py:188} INFO - [2026-04-10T11:03:01.820+0000] {dag.py:3823} INFO - Setting next_dagrun for rideshare_etl to 2026-04-10 00:00:00+00:00, run_after=2026-04-11 00:00:00+00:00
[2026-04-10T11:03:01.866+0000] {processor.py:183} INFO - Processing /opt/airflow/dags/rideshare_etl.py took 1.072 seconds
[2026-04-10T11:03:32.178+0000] {processor.py:161} INFO - Started process (PID=424) to work on /opt/airflow/dags/rideshare_etl.py
[2026-04-10T11:03:32.286+0000] {processor.py:830} INFO - Processing file /opt/airflow/dags/rideshare_etl.py for tasks to queue
[2026-04-10T11:03:32.291+0000] {logging_mixin.py:188} INFO - [2026-04-10T11:03:32.289+0000] {dagbag.py:538} INFO - Filling up the DagBag from /opt/airflow/dags/rideshare_etl.py
[2026-04-10T11:03:33.476+0000] {processor.py:840} INFO - DAG(s) 'rideshare_etl' retrieved from /opt/airflow/dags/rideshare_etl.py
[2026-04-10T11:03:33.532+0000] {logging_mixin.py:188} INFO - [2026-04-10T11:03:33.531+0000] {dag.py:3036} INFO - Sync 1 DAGs
[2026-04-10T11:03:33.575+0000] {logging_mixin.py:188} INFO - [2026-04-10T11:03:33.575+0000] {dag.py:3823} INFO - Setting next_dagrun for rideshare_etl to 2026-04-10 00:00:00+00:00, run_after=2026-04-11 00:00:00+00:00
[2026-04-10T11:03:33.621+0000] {processor.py:183} INFO - Processing /opt/airflow/dags/rideshare_etl.py took 1.451 seconds
[2026-04-10T11:04:03.965+0000] {processor.py:161} INFO - Started process (PID=430) to work on /opt/airflow/dags/rideshare_etl.py
[2026-04-10T11:04:03.967+0000] {processor.py:830} INFO - Processing file /opt/airflow/dags/rideshare_etl.py for tasks to queue
[2026-04-10T11:04:03.968+0000] {logging_mixin.py:188} INFO - [2026-04-10T11:04:03.968+0000] {dagbag.py:538} INFO - Filling up the DagBag from /opt/airflow/dags/rideshare_etl.py
[2026-04-10T11:04:04.677+0000] {processor.py:840} INFO - DAG(s) 'rideshare_etl' retrieved from /opt/airflow/dags/rideshare_etl.py
[2026-04-10T11:04:04.721+0000] {logging_mixin.py:188} INFO - [2026-04-10T11:04:04.721+0000] {dag.py:3036} INFO - Sync 1 DAGs
[2026-04-10T11:04:04.754+0000] {logging_mixin.py:188} INFO - [2026-04-10T11:04:04.754+0000] {dag.py:3823} INFO - Setting next_dagrun for rideshare_etl to 2026-04-10 00:00:00+00:00, run_after=2026-04-11 00:00:00+00:00
[2026-04-10T11:04:04.796+0000] {processor.py:183} INFO - Processing /opt/airflow/dags/rideshare_etl.py took 0.840 seconds
[2026-04-10T11:04:35.299+0000] {processor.py:161} INFO - Started process (PID=439) to work on /opt/airflow/dags/rideshare_etl.py
[2026-04-10T11:04:35.302+0000] {processor.py:830} INFO - Processing file /opt/airflow/dags/rideshare_etl.py for tasks to queue
[2026-04-10T11:04:35.304+0000] {logging_mixin.py:188} INFO - [2026-04-10T11:04:35.303+0000] {dagbag.py:538} INFO - Filling up the DagBag from /opt/airflow/dags/rideshare_etl.py
[2026-04-10T11:04:36.538+0000] {processor.py:840} INFO - DAG(s) 'rideshare_etl' retrieved from /opt/airflow/dags/rideshare_etl.py
[2026-04-10T11:04:36.604+0000] {logging_mixin.py:188} INFO - [2026-04-10T11:04:36.603+0000] {dag.py:3036} INFO - Sync 1 DAGs
[2026-04-10T11:04:36.663+0000] {logging_mixin.py:188} INFO - [2026-04-10T11:04:36.663+0000] {dag.py:3823} INFO - Setting next_dagrun for rideshare_etl to 2026-04-10 00:00:00+00:00, run_after=2026-04-11 00:00:00+00:00
[2026-04-10T11:04:36.716+0000] {processor.py:183} INFO - Processing /opt/airflow/dags/rideshare_etl.py took 1.426 seconds
[2026-04-10T11:05:07.115+0000] {processor.py:161} INFO - Started process (PID=458) to work on /opt/airflow/dags/rideshare_etl.py
[2026-04-10T11:05:07.118+0000] {processor.py:830} INFO - Processing file /opt/airflow/dags/rideshare_etl.py for tasks to queue
[2026-04-10T11:05:07.121+0000] {logging_mixin.py:188} INFO - [2026-04-10T11:05:07.120+0000] {dagbag.py:538} INFO - Filling up the DagBag from /opt/airflow/dags/rideshare_etl.py
[2026-04-10T11:05:08.553+0000] {processor.py:840} INFO - DAG(s) 'rideshare_etl' retrieved from /opt/airflow/dags/rideshare_etl.py
[2026-04-10T11:05:08.610+0000] {logging_mixin.py:188} INFO - [2026-04-10T11:05:08.609+0000] {dag.py:3036} INFO - Sync 1 DAGs
[2026-04-10T11:05:08.655+0000] {logging_mixin.py:188} INFO - [2026-04-10T11:05:08.655+0000] {dag.py:3823} INFO - Setting next_dagrun for rideshare_etl to 2026-04-10 00:00:00+00:00, run_after=2026-04-11 00:00:00+00:00
[2026-04-10T11:05:08.715+0000] {processor.py:183} INFO - Processing /opt/airflow/dags/rideshare_etl.py took 1.621 seconds
[2026-04-10T11:05:39.003+0000] {processor.py:161} INFO - Started process (PID=464) to work on /opt/airflow/dags/rideshare_etl.py
[2026-04-10T11:05:39.007+0000] {processor.py:830} INFO - Processing file /opt/airflow/dags/rideshare_etl.py for tasks to queue
[2026-04-10T11:05:39.010+0000] {logging_mixin.py:188} INFO - [2026-04-10T11:05:39.009+0000] {dagbag.py:538} INFO - Filling up the DagBag from /opt/airflow/dags/rideshare_etl.py
[2026-04-10T11:05:39.959+0000] {processor.py:840} INFO - DAG(s) 'rideshare_etl' retrieved from /opt/airflow/dags/rideshare_etl.py
[2026-04-10T11:05:40.012+0000] {logging_mixin.py:188} INFO - [2026-04-10T11:05:40.011+0000] {dag.py:3036} INFO - Sync 1 DAGs
[2026-04-10T11:05:40.058+0000] {logging_mixin.py:188} INFO - [2026-04-10T11:05:40.058+0000] {dag.py:3823} INFO - Setting next_dagrun for rideshare_etl to 2026-04-10 00:00:00+00:00, run_after=2026-04-11 00:00:00+00:00
[2026-04-10T11:05:40.098+0000] {processor.py:183} INFO - Processing /opt/airflow/dags/rideshare_etl.py took 1.104 seconds
[2026-04-10T11:06:10.364+0000] {processor.py:161} INFO - Started process (PID=470) to work on /opt/airflow/dags/rideshare_etl.py
[2026-04-10T11:06:10.366+0000] {processor.py:830} INFO - Processing file /opt/airflow/dags/rideshare_etl.py for tasks to queue
[2026-04-10T11:06:10.367+0000] {logging_mixin.py:188} INFO - [2026-04-10T11:06:10.367+0000] {dagbag.py:538} INFO - Filling up the DagBag from /opt/airflow/dags/rideshare_etl.py
[2026-04-10T11:06:11.556+0000] {processor.py:840} INFO - DAG(s) 'rideshare_etl' retrieved from /opt/airflow/dags/rideshare_etl.py
[2026-04-10T11:06:11.605+0000] {logging_mixin.py:188} INFO - [2026-04-10T11:06:11.605+0000] {dag.py:3036} INFO - Sync 1 DAGs
[2026-04-10T11:06:11.645+0000] {logging_mixin.py:188} INFO - [2026-04-10T11:06:11.644+0000] {dag.py:3823} INFO - Setting next_dagrun for rideshare_etl to 2026-04-10 00:00:00+00:00, run_after=2026-04-11 00:00:00+00:00
[2026-04-10T11:06:11.677+0000] {processor.py:183} INFO - Processing /opt/airflow/dags/rideshare_etl.py took 1.326 seconds
[2026-04-10T11:06:41.817+0000] {processor.py:161} INFO - Started process (PID=479) to work on /opt/airflow/dags/rideshare_etl.py
[2026-04-10T11:06:41.825+0000] {processor.py:830} INFO - Processing file /opt/airflow/dags/rideshare_etl.py for tasks to queue
[2026-04-10T11:06:41.829+0000] {logging_mixin.py:188} INFO - [2026-04-10T11:06:41.828+0000] {dagbag.py:538} INFO - Filling up the DagBag from /opt/airflow/dags/rideshare_etl.py
[2026-04-10T11:06:43.114+0000] {processor.py:840} INFO - DAG(s) 'rideshare_etl' retrieved from /opt/airflow/dags/rideshare_etl.py
[2026-04-10T11:06:43.171+0000] {logging_mixin.py:188} INFO - [2026-04-10T11:06:43.169+0000] {dag.py:3036} INFO - Sync 1 DAGs
[2026-04-10T11:06:43.211+0000] {logging_mixin.py:188} INFO - [2026-04-10T11:06:43.210+0000] {dag.py:3823} INFO - Setting next_dagrun for rideshare_etl to 2026-04-10 00:00:00+00:00, run_after=2026-04-11 00:00:00+00:00
[2026-04-10T11:06:43.297+0000] {processor.py:183} INFO - Processing /opt/airflow/dags/rideshare_etl.py took 1.476 seconds
[2026-04-10T11:07:13.680+0000] {processor.py:161} INFO - Started process (PID=498) to work on /opt/airflow/dags/rideshare_etl.py
[2026-04-10T11:07:13.693+0000] {processor.py:830} INFO - Processing file /opt/airflow/dags/rideshare_etl.py for tasks to queue
[2026-04-10T11:07:13.696+0000] {logging_mixin.py:188} INFO - [2026-04-10T11:07:13.695+0000] {dagbag.py:538} INFO - Filling up the DagBag from /opt/airflow/dags/rideshare_etl.py
[2026-04-10T11:07:14.899+0000] {processor.py:840} INFO - DAG(s) 'rideshare_etl' retrieved from /opt/airflow/dags/rideshare_etl.py
[2026-04-10T11:07:14.957+0000] {logging_mixin.py:188} INFO - [2026-04-10T11:07:14.956+0000] {dag.py:3036} INFO - Sync 1 DAGs
[2026-04-10T11:07:15.007+0000] {logging_mixin.py:188} INFO - [2026-04-10T11:07:15.006+0000] {dag.py:3823} INFO - Setting next_dagrun for rideshare_etl to 2026-04-10 00:00:00+00:00, run_after=2026-04-11 00:00:00+00:00
[2026-04-10T11:07:15.047+0000] {processor.py:183} INFO - Processing /opt/airflow/dags/rideshare_etl.py took 1.398 seconds
[2026-04-10T11:07:45.376+0000] {processor.py:161} INFO - Started process (PID=504) to work on /opt/airflow/dags/rideshare_etl.py
[2026-04-10T11:07:45.379+0000] {processor.py:830} INFO - Processing file /opt/airflow/dags/rideshare_etl.py for tasks to queue
[2026-04-10T11:07:45.381+0000] {logging_mixin.py:188} INFO - [2026-04-10T11:07:45.380+0000] {dagbag.py:538} INFO - Filling up the DagBag from /opt/airflow/dags/rideshare_etl.py
[2026-04-10T11:07:46.133+0000] {processor.py:840} INFO - DAG(s) 'rideshare_etl' retrieved from /opt/airflow/dags/rideshare_etl.py
[2026-04-10T11:07:46.186+0000] {logging_mixin.py:188} INFO - [2026-04-10T11:07:46.185+0000] {dag.py:3036} INFO - Sync 1 DAGs
[2026-04-10T11:07:46.216+0000] {logging_mixin.py:188} INFO - [2026-04-10T11:07:46.216+0000] {dag.py:3823} INFO - Setting next_dagrun for rideshare_etl to 2026-04-10 00:00:00+00:00, run_after=2026-04-11 00:00:00+00:00
[2026-04-10T11:07:46.247+0000] {processor.py:183} INFO - Processing /opt/airflow/dags/rideshare_etl.py took 0.878 seconds
